********************************************************************************
DUPLICATOR-LITE PACKAGE-LOG: March 16, 2024 12:27 pm
NOTICE: Do NOT post to public sites or forums 
********************************************************************************
VERSION:	1.5.8.1
WORDPRESS:	6.4.3
PHP INFO:	8.1.23 | SAPI: cgi-fcgi
SERVER:		nginx/1.16.0 
PHP TIME LIMIT: (0) no time limit imposed 
PHP MAX MEMORY: 4294967296 (256M default) 
MEMORY STACK: 6MB

********************************************************************************
DATABASE:
********************************************************************************
BUILD MODE:   PHP(query limit - 100)
MYSQLTIMEOUT: 5000
MYSQLDUMP:    Not Supported
TABLES: total:21 | filtered:0 | create:21
FILTERED: []
SQL CREATED: world_b19f035b799098905889_20240316122631_database.sql
SQL FILE SIZE: 1.8MB (1885039)
SQL FILE TIME: 2024-03-16 12:28:04
SQL RUNTIME: 8.14 sec.

********************************************************************************
ARCHIVE (ZIP):
********************************************************************************
ARCHIVE DIR:  C:/Users/mourc/Local Sites/bloc/app/public
ARCHIVE FILE: world_b19f035b799098905889_20240316122631_archive.zip
FILTERS: *OFF*
DIRS:
	not set
FILES:
	not set
EXTS:  not set
----------------------------------------
COMPRESSING
SIZE:	142.22MB
STATS:	Dirs 1,221 | Files 6,898
SQL ADDED: world_b19f035b799098905889_20240316122631_database.sql
ZipArchive Object
(
    [lastId] => 8118
    [status] => 0
    [statusSys] => 0
    [numFiles] => 8119
    [filename] => C:\Users\mourc\Local Sites\bloc\app\public\wp-content\backups-dup-lite\tmp\world_b19f035b799098905889_20240316122631_archive.zip
    [comment] => 
)

FILE ADDED TO ZIP: 8118
COMPRESSION RESULT: '1'
COMPRESSED SIZE: 50.22MB
ARCHIVE RUNTIME: 72.25 sec.
MEMORY STACK: 10MB
building installer
ARCHIVE CONSISTENCY TEST: PASS

********************************************************************************
INTEGRITY CHECKS:
********************************************************************************
SQL FILE: 1.8MB
INSTALLER FILE: 73.46KB
ARCHIVE FILE: 52.12MB 
EXPECTED FILE/DIRECTORY COUNT: 8,119
ACTUAL FILE/DIRECTORY COUNT: 8,118
ARCHIVE CONSISTENCY TEST: Pass

********************************************************************************
RECORD ID:[1]
TOTAL PROCESS RUNTIME: 93.46 sec.
PEAK PHP MEMORY USED: 14MB
DONE PROCESSING => world March 16, 2024 12:29 pm

